Express is listening on port 3003
Express is listening on port 3003
[
  RowDataPacket {
    text: '고DB 공부하기',
    completed: 1,
    date: 2022-11-01T15:00:00.000Z,
    title: '학교'
  },
  RowDataPacket {
    text: '고DB 수업듣기',
    completed: 0,
    date: 2022-11-01T15:00:00.000Z,
    title: '학교'
  }
]
[
  RowDataPacket {
    text: '고DB 공부하기',
    completed: 1,
    date: 2022-11-01T15:00:00.000Z,
    title: '학교'
  },
  RowDataPacket {
    text: '고DB 수업듣기',
    completed: 0,
    date: 2022-11-01T15:00:00.000Z,
    title: '학교'
  }
]
[
  RowDataPacket {
    text: '고DB 공부하기',
    completed: 1,
    date: 2022-11-01T15:00:00.000Z,
    title: '학교'
  },
  RowDataPacket {
    text: '고DB 수업듣기',
    completed: 0,
    date: 2022-11-01T15:00:00.000Z,
    title: '학교'
  }
]
[
  RowDataPacket {
    text: '고DB 공부하기',
    completed: 1,
    date: 2022-11-01T15:00:00.000Z,
    title: '학교'
  },
  RowDataPacket {
    text: '고DB 수업듣기',
    completed: 0,
    date: 2022-11-01T15:00:00.000Z,
    title: '학교'
  }
]
[
  RowDataPacket {
    text: '고DB 공부하기',
    completed: 1,
    date: 2022-11-01T15:00:00.000Z,
    title: '학교'
  },
  RowDataPacket {
    text: '고DB 수업듣기',
    completed: 0,
    date: 2022-11-01T15:00:00.000Z,
    title: '학교'
  }
]
Fri, 04 Nov 2022 11:36:32 GMT express deprecated res.send(status): Use res.sendStatus(status) instead at routes/api.js:154:11
[]
[
  RowDataPacket {
    text: '고DB 공부하기',
    completed: 1,
    date: 2022-11-01T15:00:00.000Z,
    title: '학교'
  },
  RowDataPacket {
    text: '고DB 수업듣기',
    completed: 0,
    date: 2022-11-01T15:00:00.000Z,
    title: '학교'
  }
]
[]
[
  RowDataPacket {
    text: '고DB 공부하기',
    completed: 1,
    date: 2022-11-01T15:00:00.000Z,
    title: '학교'
  },
  RowDataPacket {
    text: '고DB 수업듣기',
    completed: 0,
    date: 2022-11-01T15:00:00.000Z,
    title: '학교'
  }
]
[
  RowDataPacket {
    text: '고DB 공부하기',
    completed: 1,
    date: 2022-11-01T15:00:00.000Z,
    title: '학교'
  },
  RowDataPacket {
    text: '고DB 수업듣기',
    completed: 0,
    date: 2022-11-01T15:00:00.000Z,
    title: '학교'
  }
]
[
  RowDataPacket {
    text: '고DB 공부하기',
    completed: 1,
    date: 2022-11-01T15:00:00.000Z,
    title: '학교'
  },
  RowDataPacket {
    text: '고DB 수업듣기',
    completed: 0,
    date: 2022-11-01T15:00:00.000Z,
    title: '학교'
  }
]
[
  RowDataPacket {
    text: '고DB 공부하기',
    completed: 1,
    date: 2022-11-01T15:00:00.000Z,
    title: '학교'
  },
  RowDataPacket {
    text: '고DB 수업듣기',
    completed: 0,
    date: 2022-11-01T15:00:00.000Z,
    title: '학교'
  }
]
[
  RowDataPacket {
    text: '고DB 공부하기',
    completed: 1,
    date: 2022-11-01T15:00:00.000Z,
    title: '학교'
  },
  RowDataPacket {
    text: '고DB 수업듣기',
    completed: 0,
    date: 2022-11-01T15:00:00.000Z,
    title: '학교'
  }
]
[]
[
  RowDataPacket {
    text: '고DB 공부하기',
    completed: 1,
    date: 2022-11-01T15:00:00.000Z,
    title: '학교'
  },
  RowDataPacket {
    text: '고DB 수업듣기',
    completed: 0,
    date: 2022-11-01T15:00:00.000Z,
    title: '학교'
  }
]
[
  RowDataPacket {
    text: '고DB 공부하기',
    completed: 1,
    date: 2022-11-01T15:00:00.000Z,
    title: '학교'
  },
  RowDataPacket {
    text: '고DB 수업듣기',
    completed: 0,
    date: 2022-11-01T15:00:00.000Z,
    title: '학교'
  }
]
[
  RowDataPacket {
    text: '고DB 공부하기',
    completed: 1,
    date: 2022-11-01T15:00:00.000Z,
    title: '학교'
  },
  RowDataPacket {
    text: '고DB 수업듣기',
    completed: 0,
    date: 2022-11-01T15:00:00.000Z,
    title: '학교'
  }
]
[
  RowDataPacket {
    text: '고DB 공부하기',
    completed: 1,
    date: 2022-11-01T15:00:00.000Z,
    title: '학교'
  },
  RowDataPacket {
    text: '고DB 수업듣기',
    completed: 0,
    date: 2022-11-01T15:00:00.000Z,
    title: '학교'
  }
]
[
  RowDataPacket {
    text: '고DB 공부하기',
    completed: 1,
    date: 2022-11-01T15:00:00.000Z,
    title: '학교'
  },
  RowDataPacket {
    text: '고DB 수업듣기',
    completed: 0,
    date: 2022-11-01T15:00:00.000Z,
    title: '학교'
  }
]
[
  RowDataPacket {
    text: '고DB 공부하기',
    completed: 1,
    date: 2022-11-01T15:00:00.000Z,
    title: '학교'
  },
  RowDataPacket {
    text: '고DB 수업듣기',
    completed: 0,
    date: 2022-11-01T15:00:00.000Z,
    title: '학교'
  }
]
[
  RowDataPacket {
    text: '고DB 공부하기',
    completed: 1,
    date: 2022-11-01T15:00:00.000Z,
    title: '학교'
  },
  RowDataPacket {
    text: '고DB 수업듣기',
    completed: 0,
    date: 2022-11-01T15:00:00.000Z,
    title: '학교'
  }
]
[
  RowDataPacket {
    text: '고DB 공부하기',
    completed: 1,
    date: 2022-11-01T15:00:00.000Z,
    title: '학교'
  },
  RowDataPacket {
    text: '고DB 수업듣기',
    completed: 0,
    date: 2022-11-01T15:00:00.000Z,
    title: '학교'
  }
]
[
  RowDataPacket {
    text: '고DB 공부하기',
    completed: 1,
    date: 2022-11-01T15:00:00.000Z,
    title: '학교'
  },
  RowDataPacket {
    text: '고DB 수업듣기',
    completed: 0,
    date: 2022-11-01T15:00:00.000Z,
    title: '학교'
  }
]
Express is listening on port 3003
[
  RowDataPacket {
    text: '고DB 공부하기',
    completed: 1,
    date: 2022-11-01T15:00:00.000Z,
    title: '학교'
  },
  RowDataPacket {
    text: '고DB 수업듣기',
    completed: 0,
    date: 2022-11-01T15:00:00.000Z,
    title: '학교'
  }
]
[
  RowDataPacket {
    text: '고DB 공부하기',
    completed: 1,
    date: 2022-11-01T15:00:00.000Z,
    title: '학교'
  },
  RowDataPacket {
    text: '고DB 수업듣기',
    completed: 0,
    date: 2022-11-01T15:00:00.000Z,
    title: '학교'
  }
]
[
  RowDataPacket {
    text: '고DB 공부하기',
    completed: 1,
    date: 2022-11-01T15:00:00.000Z,
    title: '학교'
  },
  RowDataPacket {
    text: '고DB 수업듣기',
    completed: 0,
    date: 2022-11-01T15:00:00.000Z,
    title: '학교'
  }
]
[
  RowDataPacket {
    text: '고DB 공부하기',
    completed: 1,
    date: 2022-11-01T15:00:00.000Z,
    title: '학교'
  },
  RowDataPacket {
    text: '고DB 수업듣기',
    completed: 0,
    date: 2022-11-01T15:00:00.000Z,
    title: '학교'
  }
]
[
  RowDataPacket {
    text: '고DB 공부하기',
    completed: 1,
    date: 2022-11-01T15:00:00.000Z,
    title: '학교'
  },
  RowDataPacket {
    text: '고DB 수업듣기',
    completed: 0,
    date: 2022-11-01T15:00:00.000Z,
    title: '학교'
  }
]
[
  RowDataPacket {
    text: '고DB 공부하기',
    completed: 1,
    date: 2022-11-01T15:00:00.000Z,
    title: '학교'
  },
  RowDataPacket {
    text: '고DB 수업듣기',
    completed: 0,
    date: 2022-11-01T15:00:00.000Z,
    title: '학교'
  }
]
[
  RowDataPacket {
    text: '고DB 공부하기',
    completed: 1,
    date: 2022-11-01T15:00:00.000Z,
    title: '학교'
  },
  RowDataPacket {
    text: '고DB 수업듣기',
    completed: 0,
    date: 2022-11-01T15:00:00.000Z,
    title: '학교'
  }
]
[
  RowDataPacket {
    text: '고DB 공부하기',
    completed: 1,
    date: 2022-11-01T15:00:00.000Z,
    title: '학교'
  },
  RowDataPacket {
    text: '고DB 수업듣기',
    completed: 0,
    date: 2022-11-01T15:00:00.000Z,
    title: '학교'
  }
]
[
  RowDataPacket {
    text: '고DB 공부하기',
    completed: 1,
    date: 2022-11-01T15:00:00.000Z,
    title: '학교'
  },
  RowDataPacket {
    text: '고DB 수업듣기',
    completed: 0,
    date: 2022-11-01T15:00:00.000Z,
    title: '학교'
  }
]
[
  RowDataPacket {
    text: '고DB 공부하기',
    completed: 1,
    date: 2022-11-01T15:00:00.000Z,
    title: '학교'
  },
  RowDataPacket {
    text: '고DB 수업듣기',
    completed: 0,
    date: 2022-11-01T15:00:00.000Z,
    title: '학교'
  }
]
[
  RowDataPacket {
    text: '고DB 공부하기',
    completed: 1,
    date: 2022-11-01T15:00:00.000Z,
    title: '학교'
  },
  RowDataPacket {
    text: '고DB 수업듣기',
    completed: 0,
    date: 2022-11-01T15:00:00.000Z,
    title: '학교'
  }
]
[
  RowDataPacket {
    text: '고DB 공부하기',
    completed: 1,
    date: 2022-11-01T15:00:00.000Z,
    title: '학교'
  },
  RowDataPacket {
    text: '고DB 수업듣기',
    completed: 0,
    date: 2022-11-01T15:00:00.000Z,
    title: '학교'
  }
]
[
  RowDataPacket {
    text: '고DB 공부하기',
    completed: 1,
    date: 2022-11-01T15:00:00.000Z,
    title: '학교'
  },
  RowDataPacket {
    text: '고DB 수업듣기',
    completed: 0,
    date: 2022-11-01T15:00:00.000Z,
    title: '학교'
  }
]
[
  RowDataPacket {
    text: '고DB 공부하기',
    completed: 1,
    date: 2022-11-01T15:00:00.000Z,
    title: '학교'
  },
  RowDataPacket {
    text: '고DB 수업듣기',
    completed: 0,
    date: 2022-11-01T15:00:00.000Z,
    title: '학교'
  }
]
[
  RowDataPacket {
    text: '고DB 공부하기',
    completed: 1,
    date: 2022-11-01T15:00:00.000Z,
    title: '학교'
  },
  RowDataPacket {
    text: '고DB 수업듣기',
    completed: 0,
    date: 2022-11-01T15:00:00.000Z,
    title: '학교'
  }
]
Express is listening on port 3003
Express is listening on port 3003
RowDataPacket {
  email: 'wnstj@naver.com',
  password: '71898212',
  name: '정준서',
  created_at: 2022-11-03T15:00:00.000Z
}
{ email: '111@naver.com', name: 'kwj', password: '1234' }
OkPacket {
  fieldCount: 0,
  affectedRows: 1,
  insertId: 0,
  serverStatus: 2,
  warningCount: 0,
  message: '',
  protocol41: true,
  changedRows: 0
}
RowDataPacket {
  email: '111@naver.com',
  password: '1234',
  name: 'kwj',
  created_at: 2022-11-04T15:00:00.000Z
}
[]
[
  RowDataPacket { text: '고DB 공부하기', 'count(text)': 5 },
  RowDataPacket { text: '고DB 수업듣기', 'count(text)': 4 },
  RowDataPacket { text: '고DB 과제하기', 'count(text)': 1 },
  RowDataPacket { text: '고DB', 'count(text)': 1 }
]
[
  RowDataPacket {
    created_at: 2022-10-31T15:00:00.000Z,
    name: 'H1',
    title: '학교'
  },
  RowDataPacket {
    created_at: 2022-10-31T15:00:00.000Z,
    name: 'H1',
    title: '과제'
  },
  RowDataPacket {
    created_at: 2022-10-31T15:00:00.000Z,
    name: 'H1',
    title: '안녕하세요'
  },
  RowDataPacket {
    created_at: 2022-11-01T15:00:00.000Z,
    name: 'H2',
    title: '학교'
  },
  RowDataPacket {
    created_at: 2022-11-01T15:00:00.000Z,
    name: 'H3',
    title: '학교'
  },
  RowDataPacket {
    created_at: 2022-11-01T15:00:00.000Z,
    name: 'H2',
    title: '테스트'
  },
  RowDataPacket {
    created_at: 2022-11-02T15:00:00.000Z,
    name: 'H4',
    title: '과제'
  },
  RowDataPacket {
    created_at: 2022-11-02T15:00:00.000Z,
    name: 'H4',
    title: '학습'
  },
  RowDataPacket {
    created_at: 2022-11-03T15:00:00.000Z,
    name: '정준서',
    title: '테스트'
  },
  RowDataPacket {
    created_at: 2022-11-03T15:00:00.000Z,
    name: '정준서',
    title: null
  },
  RowDataPacket {
    created_at: 2022-11-03T15:00:00.000Z,
    name: '정준서',
    title: null
  },
  RowDataPacket {
    created_at: 2022-11-03T15:00:00.000Z,
    name: '정준서',
    title: '테스트1'
  }
]
[]
[]
[]
[]
[]
[]
[]
[]
[]
[]
{ email: '222@naver.com', name: '222', password: '123' }
OkPacket {
  fieldCount: 0,
  affectedRows: 1,
  insertId: 0,
  serverStatus: 2,
  warningCount: 0,
  message: '',
  protocol41: true,
  changedRows: 0
}
RowDataPacket {
  email: '222@naver.com',
  password: '123',
  name: '222',
  created_at: 2022-11-04T15:00:00.000Z
}
[]
[]
[]
{ email: '222@naver.com', title: 'study', text: 'Go study cafe' }
OkPacket {
  fieldCount: 0,
  affectedRows: 1,
  insertId: 21,
  serverStatus: 2,
  warningCount: 0,
  message: '',
  protocol41: true,
  changedRows: 0
}
[
  RowDataPacket {
    text: 'Go study cafe',
    completed: 0,
    date: 2022-11-04T15:00:00.000Z,
    title: 'study'
  }
]
{
  email: '222@naver.com',
  title: 'study',
  text: 'Go study cafe',
  date: '2022-11-04T15:00:00.000Z'
}
OkPacket {
  fieldCount: 0,
  affectedRows: 1,
  insertId: 0,
  serverStatus: 2,
  warningCount: 0,
  message: '',
  protocol41: true,
  changedRows: 0
}
{ email: '222@naver.com', title: 'asdf', text: 'asdf' }
OkPacket {
  fieldCount: 0,
  affectedRows: 1,
  insertId: 22,
  serverStatus: 2,
  warningCount: 0,
  message: '',
  protocol41: true,
  changedRows: 0
}
[
  RowDataPacket {
    text: 'asdf',
    completed: 0,
    date: 2022-11-04T15:00:00.000Z,
    title: 'asdf'
  }
]
{
  email: '222@naver.com',
  title: 'asdf',
  text: 'asdf',
  date: '2022-11-04T15:00:00.000Z',
  title1: 'asdf',
  text1: 'asdf'
}
RowDataPacket {
  category_id: 25,
  title: 'asdf',
  created_at: 2022-11-04T15:00:00.000Z,
  updated_at: null,
  email: '222@naver.com'
}
RowDataPacket {
  category_id: 25,
  title: 'asdf',
  created_at: 2022-11-04T15:00:00.000Z,
  updated_at: null,
  email: '222@naver.com'
}
OkPacket {
  fieldCount: 0,
  affectedRows: 1,
  insertId: 0,
  serverStatus: 2,
  warningCount: 0,
  message: '(Rows matched: 1  Changed: 1  Warnings: 0',
  protocol41: true,
  changedRows: 1
}
{
  email: '222@naver.com',
  title: 'asdf',
  text: 'asdf',
  date: '2022-11-04T15:00:00.000Z'
}
OkPacket {
  fieldCount: 0,
  affectedRows: 1,
  insertId: 0,
  serverStatus: 2,
  warningCount: 0,
  message: '',
  protocol41: true,
  changedRows: 0
}
[
  RowDataPacket { title: '학교', name: '정준서' },
  RowDataPacket { title: '학교', name: 'H4' },
  RowDataPacket { title: '학교', name: 'H3' },
  RowDataPacket { title: '학교', name: 'H2' },
  RowDataPacket { title: '학교', name: 'H2' },
  RowDataPacket { title: '학교', name: 'H1' },
  RowDataPacket { title: '학교', name: 'H1' },
  RowDataPacket { title: '과제', name: '정준서' },
  RowDataPacket { title: '과제', name: 'H4' },
  RowDataPacket { title: '과제', name: 'H3' },
  RowDataPacket { title: '과제', name: 'H2' },
  RowDataPacket { title: '과제', name: 'H2' },
  RowDataPacket { title: '과제', name: 'H1' },
  RowDataPacket { title: '과제', name: 'H1' },
  RowDataPacket { title: '학교', name: '정준서' },
  RowDataPacket { title: '학교', name: 'H4' },
  RowDataPacket { title: '학교', name: 'H3' },
  RowDataPacket { title: '학교', name: 'H2' },
  RowDataPacket { title: '학교', name: 'H2' },
  RowDataPacket { title: '학교', name: 'H1' },
  RowDataPacket { title: '학교', name: 'H1' },
  RowDataPacket { title: '학교', name: '정준서' },
  RowDataPacket { title: '학교', name: 'H4' },
  RowDataPacket { title: '학교', name: 'H3' },
  RowDataPacket { title: '학교', name: 'H2' },
  RowDataPacket { title: '학교', name: 'H2' },
  RowDataPacket { title: '학교', name: 'H1' },
  RowDataPacket { title: '학교', name: 'H1' },
  RowDataPacket { title: '과제', name: '정준서' },
  RowDataPacket { title: '과제', name: 'H4' },
  RowDataPacket { title: '과제', name: 'H3' },
  RowDataPacket { title: '과제', name: 'H2' },
  RowDataPacket { title: '과제', name: 'H2' },
  RowDataPacket { title: '과제', name: 'H1' },
  RowDataPacket { title: '과제', name: 'H1' },
  RowDataPacket { title: '학습', name: '정준서' },
  RowDataPacket { title: '학습', name: 'H4' },
  RowDataPacket { title: '학습', name: 'H3' },
  RowDataPacket { title: '학습', name: 'H2' },
  RowDataPacket { title: '학습', name: 'H2' },
  RowDataPacket { title: '학습', name: 'H1' },
  RowDataPacket { title: '학습', name: 'H1' },
  RowDataPacket { title: '테스트', name: '정준서' },
  RowDataPacket { title: '테스트', name: 'H4' },
  RowDataPacket { title: '테스트', name: 'H3' },
  RowDataPacket { title: '테스트', name: 'H2' },
  RowDataPacket { title: '테스트', name: 'H2' },
  RowDataPacket { title: '테스트', name: 'H1' },
  RowDataPacket { title: '테스트', name: 'H1' },
  RowDataPacket { title: '안녕하세요', name: '정준서' },
  RowDataPacket { title: '안녕하세요', name: 'H4' },
  RowDataPacket { title: '안녕하세요', name: 'H3' },
  RowDataPacket { title: '안녕하세요', name: 'H2' },
  RowDataPacket { title: '안녕하세요', name: 'H2' },
  RowDataPacket { title: '안녕하세요', name: 'H1' },
  RowDataPacket { title: '안녕하세요', name: 'H1' },
  RowDataPacket { title: '테스트', name: '정준서' },
  RowDataPacket { title: '테스트', name: 'H4' },
  RowDataPacket { title: '테스트', name: 'H3' },
  RowDataPacket { title: '테스트', name: 'H2' },
  RowDataPacket { title: '테스트', name: 'H2' },
  RowDataPacket { title: '테스트', name: 'H1' },
  RowDataPacket { title: '테스트', name: 'H1' },
  RowDataPacket { title: null, name: '정준서' },
  RowDataPacket { title: null, name: 'H4' },
  RowDataPacket { title: null, name: 'H3' },
  RowDataPacket { title: null, name: 'H2' },
  RowDataPacket { title: null, name: 'H2' },
  RowDataPacket { title: null, name: 'H1' },
  RowDataPacket { title: null, name: 'H1' },
  RowDataPacket { title: null, name: '정준서' },
  RowDataPacket { title: null, name: 'H4' },
  RowDataPacket { title: null, name: 'H3' },
  RowDataPacket { title: null, name: 'H2' },
  RowDataPacket { title: null, name: 'H2' },
  RowDataPacket { title: null, name: 'H1' },
  RowDataPacket { title: null, name: 'H1' },
  RowDataPacket { title: '테스트1', name: '정준서' },
  RowDataPacket { title: '테스트1', name: 'H4' },
  RowDataPacket { title: '테스트1', name: 'H3' },
  RowDataPacket { title: '테스트1', name: 'H2' },
  RowDataPacket { title: '테스트1', name: 'H2' },
  RowDataPacket { title: '테스트1', name: 'H1' },
  RowDataPacket { title: '테스트1', name: 'H1' },
  RowDataPacket { title: 'study', name: '정준서' },
  RowDataPacket { title: 'study', name: 'H4' },
  RowDataPacket { title: 'study', name: 'H3' },
  RowDataPacket { title: 'study', name: 'H2' },
  RowDataPacket { title: 'study', name: 'H2' },
  RowDataPacket { title: 'study', name: 'H1' },
  RowDataPacket { title: 'study', name: 'H1' }
]
[
  RowDataPacket { text: '고DB 공부하기', 'count(text)': 5 },
  RowDataPacket { text: '고DB 수업듣기', 'count(text)': 4 },
  RowDataPacket { text: '고DB 과제하기', 'count(text)': 1 },
  RowDataPacket { text: '고DB', 'count(text)': 1 }
]
[
  RowDataPacket {
    created_at: 2022-10-31T15:00:00.000Z,
    name: 'H1',
    title: '학교'
  },
  RowDataPacket {
    created_at: 2022-10-31T15:00:00.000Z,
    name: 'H1',
    title: '과제'
  },
  RowDataPacket {
    created_at: 2022-10-31T15:00:00.000Z,
    name: 'H1',
    title: '안녕하세요'
  },
  RowDataPacket {
    created_at: 2022-11-01T15:00:00.000Z,
    name: 'H2',
    title: '학교'
  },
  RowDataPacket {
    created_at: 2022-11-01T15:00:00.000Z,
    name: 'H3',
    title: '학교'
  },
  RowDataPacket {
    created_at: 2022-11-01T15:00:00.000Z,
    name: 'H2',
    title: '테스트'
  },
  RowDataPacket {
    created_at: 2022-11-02T15:00:00.000Z,
    name: 'H4',
    title: '과제'
  },
  RowDataPacket {
    created_at: 2022-11-02T15:00:00.000Z,
    name: 'H4',
    title: '학습'
  },
  RowDataPacket {
    created_at: 2022-11-03T15:00:00.000Z,
    name: '정준서',
    title: '테스트'
  },
  RowDataPacket {
    created_at: 2022-11-03T15:00:00.000Z,
    name: '정준서',
    title: null
  },
  RowDataPacket {
    created_at: 2022-11-03T15:00:00.000Z,
    name: '정준서',
    title: null
  },
  RowDataPacket {
    created_at: 2022-11-03T15:00:00.000Z,
    name: '정준서',
    title: '테스트1'
  },
  RowDataPacket {
    created_at: 2022-11-04T15:00:00.000Z,
    name: '222',
    title: 'study'
  }
]
[
  RowDataPacket { title: '학교', name: '정준서' },
  RowDataPacket { title: '학교', name: 'H4' },
  RowDataPacket { title: '학교', name: 'H3' },
  RowDataPacket { title: '학교', name: 'H2' },
  RowDataPacket { title: '학교', name: 'H2' },
  RowDataPacket { title: '학교', name: 'H1' },
  RowDataPacket { title: '학교', name: 'H1' },
  RowDataPacket { title: '과제', name: '정준서' },
  RowDataPacket { title: '과제', name: 'H4' },
  RowDataPacket { title: '과제', name: 'H3' },
  RowDataPacket { title: '과제', name: 'H2' },
  RowDataPacket { title: '과제', name: 'H2' },
  RowDataPacket { title: '과제', name: 'H1' },
  RowDataPacket { title: '과제', name: 'H1' },
  RowDataPacket { title: '학교', name: '정준서' },
  RowDataPacket { title: '학교', name: 'H4' },
  RowDataPacket { title: '학교', name: 'H3' },
  RowDataPacket { title: '학교', name: 'H2' },
  RowDataPacket { title: '학교', name: 'H2' },
  RowDataPacket { title: '학교', name: 'H1' },
  RowDataPacket { title: '학교', name: 'H1' },
  RowDataPacket { title: '학교', name: '정준서' },
  RowDataPacket { title: '학교', name: 'H4' },
  RowDataPacket { title: '학교', name: 'H3' },
  RowDataPacket { title: '학교', name: 'H2' },
  RowDataPacket { title: '학교', name: 'H2' },
  RowDataPacket { title: '학교', name: 'H1' },
  RowDataPacket { title: '학교', name: 'H1' },
  RowDataPacket { title: '과제', name: '정준서' },
  RowDataPacket { title: '과제', name: 'H4' },
  RowDataPacket { title: '과제', name: 'H3' },
  RowDataPacket { title: '과제', name: 'H2' },
  RowDataPacket { title: '과제', name: 'H2' },
  RowDataPacket { title: '과제', name: 'H1' },
  RowDataPacket { title: '과제', name: 'H1' },
  RowDataPacket { title: '학습', name: '정준서' },
  RowDataPacket { title: '학습', name: 'H4' },
  RowDataPacket { title: '학습', name: 'H3' },
  RowDataPacket { title: '학습', name: 'H2' },
  RowDataPacket { title: '학습', name: 'H2' },
  RowDataPacket { title: '학습', name: 'H1' },
  RowDataPacket { title: '학습', name: 'H1' },
  RowDataPacket { title: '테스트', name: '정준서' },
  RowDataPacket { title: '테스트', name: 'H4' },
  RowDataPacket { title: '테스트', name: 'H3' },
  RowDataPacket { title: '테스트', name: 'H2' },
  RowDataPacket { title: '테스트', name: 'H2' },
  RowDataPacket { title: '테스트', name: 'H1' },
  RowDataPacket { title: '테스트', name: 'H1' },
  RowDataPacket { title: '안녕하세요', name: '정준서' },
  RowDataPacket { title: '안녕하세요', name: 'H4' },
  RowDataPacket { title: '안녕하세요', name: 'H3' },
  RowDataPacket { title: '안녕하세요', name: 'H2' },
  RowDataPacket { title: '안녕하세요', name: 'H2' },
  RowDataPacket { title: '안녕하세요', name: 'H1' },
  RowDataPacket { title: '안녕하세요', name: 'H1' },
  RowDataPacket { title: '테스트', name: '정준서' },
  RowDataPacket { title: '테스트', name: 'H4' },
  RowDataPacket { title: '테스트', name: 'H3' },
  RowDataPacket { title: '테스트', name: 'H2' },
  RowDataPacket { title: '테스트', name: 'H2' },
  RowDataPacket { title: '테스트', name: 'H1' },
  RowDataPacket { title: '테스트', name: 'H1' },
  RowDataPacket { title: null, name: '정준서' },
  RowDataPacket { title: null, name: 'H4' },
  RowDataPacket { title: null, name: 'H3' },
  RowDataPacket { title: null, name: 'H2' },
  RowDataPacket { title: null, name: 'H2' },
  RowDataPacket { title: null, name: 'H1' },
  RowDataPacket { title: null, name: 'H1' },
  RowDataPacket { title: null, name: '정준서' },
  RowDataPacket { title: null, name: 'H4' },
  RowDataPacket { title: null, name: 'H3' },
  RowDataPacket { title: null, name: 'H2' },
  RowDataPacket { title: null, name: 'H2' },
  RowDataPacket { title: null, name: 'H1' },
  RowDataPacket { title: null, name: 'H1' },
  RowDataPacket { title: '테스트1', name: '정준서' },
  RowDataPacket { title: '테스트1', name: 'H4' },
  RowDataPacket { title: '테스트1', name: 'H3' },
  RowDataPacket { title: '테스트1', name: 'H2' },
  RowDataPacket { title: '테스트1', name: 'H2' },
  RowDataPacket { title: '테스트1', name: 'H1' },
  RowDataPacket { title: '테스트1', name: 'H1' },
  RowDataPacket { title: 'study', name: '정준서' },
  RowDataPacket { title: 'study', name: 'H4' },
  RowDataPacket { title: 'study', name: 'H3' },
  RowDataPacket { title: 'study', name: 'H2' },
  RowDataPacket { title: 'study', name: 'H2' },
  RowDataPacket { title: 'study', name: 'H1' },
  RowDataPacket { title: 'study', name: 'H1' }
]
[]
[]
RowDataPacket {
  email: '222@naver.com',
  password: '123',
  name: '222',
  created_at: 2022-11-04T15:00:00.000Z
}
RowDataPacket {
  email: '222@naver.com',
  password: '123',
  name: '222',
  created_at: 2022-11-04T15:00:00.000Z
}
events.js:352
      throw er; // Unhandled 'error' event
      ^

Error: Packets out of order. Got: 0 Expected: 8
    at Parser._tryReadPacketHeader (/home/hadoop/Desktop/highDB/todoList/node_modules/mysql/lib/protocol/Parser.js:470:15)
    at Parser.write (/home/hadoop/Desktop/highDB/todoList/node_modules/mysql/lib/protocol/Parser.js:33:29)
    at Protocol.write (/home/hadoop/Desktop/highDB/todoList/node_modules/mysql/lib/protocol/Protocol.js:38:16)
    at Socket.<anonymous> (/home/hadoop/Desktop/highDB/todoList/node_modules/mysql/lib/Connection.js:88:28)
    at Socket.<anonymous> (/home/hadoop/Desktop/highDB/todoList/node_modules/mysql/lib/Connection.js:526:10)
    at Socket.emit (events.js:375:28)
    at addChunk (internal/streams/readable.js:290:12)
    at readableAddChunk (internal/streams/readable.js:265:9)
    at Socket.Readable.push (internal/streams/readable.js:204:10)
    at TCP.onStreamRead (internal/stream_base_commons.js:188:23)
Emitted 'error' event on Connection instance at:
    at Connection._handleProtocolError (/home/hadoop/Desktop/highDB/todoList/node_modules/mysql/lib/Connection.js:423:8)
    at Protocol.emit (events.js:375:28)
    at Protocol._delegateError (/home/hadoop/Desktop/highDB/todoList/node_modules/mysql/lib/protocol/Protocol.js:398:10)
    at Protocol.handleParserError (/home/hadoop/Desktop/highDB/todoList/node_modules/mysql/lib/protocol/Protocol.js:380:10)
    at Parser._tryReadPacketHeader (/home/hadoop/Desktop/highDB/todoList/node_modules/mysql/lib/protocol/Parser.js:478:10)
    at Parser.write (/home/hadoop/Desktop/highDB/todoList/node_modules/mysql/lib/protocol/Parser.js:33:29)
    [... lines matching original stack trace ...]
    at Socket.emit (events.js:375:28) {
  code: 'PROTOCOL_PACKETS_OUT_OF_ORDER',
  fatal: true
}
Express is listening on port 3003
RowDataPacket {
  email: '222@naver.com',
  password: '123',
  name: '222',
  created_at: 2022-11-04T15:00:00.000Z
}
RowDataPacket {
  email: '222@naver.com',
  password: '123',
  name: '222',
  created_at: 2022-11-04T15:00:00.000Z
}
[]
RowDataPacket {
  email: '222@naver.com',
  password: '222',
  name: '222',
  created_at: 2022-11-04T15:00:00.000Z
}
[
  RowDataPacket { text: '고DB 공부하기', 'count(text)': 5 },
  RowDataPacket { text: '고DB 수업듣기', 'count(text)': 4 },
  RowDataPacket { text: '고DB 과제하기', 'count(text)': 1 },
  RowDataPacket { text: '고DB', 'count(text)': 1 }
]
[
  RowDataPacket {
    created_at: 2022-10-31T15:00:00.000Z,
    name: 'H1',
    title: '학교'
  },
  RowDataPacket {
    created_at: 2022-10-31T15:00:00.000Z,
    name: 'H1',
    title: '과제'
  },
  RowDataPacket {
    created_at: 2022-10-31T15:00:00.000Z,
    name: 'H1',
    title: '안녕하세요'
  },
  RowDataPacket {
    created_at: 2022-11-01T15:00:00.000Z,
    name: 'H2',
    title: '학교'
  },
  RowDataPacket {
    created_at: 2022-11-01T15:00:00.000Z,
    name: 'H3',
    title: '학교'
  },
  RowDataPacket {
    created_at: 2022-11-01T15:00:00.000Z,
    name: 'H2',
    title: '테스트'
  },
  RowDataPacket {
    created_at: 2022-11-02T15:00:00.000Z,
    name: 'H4',
    title: '과제'
  },
  RowDataPacket {
    created_at: 2022-11-02T15:00:00.000Z,
    name: 'H4',
    title: '학습'
  },
  RowDataPacket {
    created_at: 2022-11-03T15:00:00.000Z,
    name: '정준서',
    title: '테스트'
  },
  RowDataPacket {
    created_at: 2022-11-03T15:00:00.000Z,
    name: '정준서',
    title: null
  },
  RowDataPacket {
    created_at: 2022-11-03T15:00:00.000Z,
    name: '정준서',
    title: null
  },
  RowDataPacket {
    created_at: 2022-11-03T15:00:00.000Z,
    name: '정준서',
    title: '테스트1'
  },
  RowDataPacket {
    created_at: 2022-11-04T15:00:00.000Z,
    name: '222',
    title: 'study'
  }
]
[
  RowDataPacket { title: '학교', name: '정준서' },
  RowDataPacket { title: '학교', name: 'H4' },
  RowDataPacket { title: '학교', name: 'H3' },
  RowDataPacket { title: '학교', name: 'H2' },
  RowDataPacket { title: '학교', name: 'H2' },
  RowDataPacket { title: '학교', name: 'H1' },
  RowDataPacket { title: '학교', name: 'H1' },
  RowDataPacket { title: '과제', name: '정준서' },
  RowDataPacket { title: '과제', name: 'H4' },
  RowDataPacket { title: '과제', name: 'H3' },
  RowDataPacket { title: '과제', name: 'H2' },
  RowDataPacket { title: '과제', name: 'H2' },
  RowDataPacket { title: '과제', name: 'H1' },
  RowDataPacket { title: '과제', name: 'H1' },
  RowDataPacket { title: '학교', name: '정준서' },
  RowDataPacket { title: '학교', name: 'H4' },
  RowDataPacket { title: '학교', name: 'H3' },
  RowDataPacket { title: '학교', name: 'H2' },
  RowDataPacket { title: '학교', name: 'H2' },
  RowDataPacket { title: '학교', name: 'H1' },
  RowDataPacket { title: '학교', name: 'H1' },
  RowDataPacket { title: '학교', name: '정준서' },
  RowDataPacket { title: '학교', name: 'H4' },
  RowDataPacket { title: '학교', name: 'H3' },
  RowDataPacket { title: '학교', name: 'H2' },
  RowDataPacket { title: '학교', name: 'H2' },
  RowDataPacket { title: '학교', name: 'H1' },
  RowDataPacket { title: '학교', name: 'H1' },
  RowDataPacket { title: '과제', name: '정준서' },
  RowDataPacket { title: '과제', name: 'H4' },
  RowDataPacket { title: '과제', name: 'H3' },
  RowDataPacket { title: '과제', name: 'H2' },
  RowDataPacket { title: '과제', name: 'H2' },
  RowDataPacket { title: '과제', name: 'H1' },
  RowDataPacket { title: '과제', name: 'H1' },
  RowDataPacket { title: '학습', name: '정준서' },
  RowDataPacket { title: '학습', name: 'H4' },
  RowDataPacket { title: '학습', name: 'H3' },
  RowDataPacket { title: '학습', name: 'H2' },
  RowDataPacket { title: '학습', name: 'H2' },
  RowDataPacket { title: '학습', name: 'H1' },
  RowDataPacket { title: '학습', name: 'H1' },
  RowDataPacket { title: '테스트', name: '정준서' },
  RowDataPacket { title: '테스트', name: 'H4' },
  RowDataPacket { title: '테스트', name: 'H3' },
  RowDataPacket { title: '테스트', name: 'H2' },
  RowDataPacket { title: '테스트', name: 'H2' },
  RowDataPacket { title: '테스트', name: 'H1' },
  RowDataPacket { title: '테스트', name: 'H1' },
  RowDataPacket { title: '안녕하세요', name: '정준서' },
  RowDataPacket { title: '안녕하세요', name: 'H4' },
  RowDataPacket { title: '안녕하세요', name: 'H3' },
  RowDataPacket { title: '안녕하세요', name: 'H2' },
  RowDataPacket { title: '안녕하세요', name: 'H2' },
  RowDataPacket { title: '안녕하세요', name: 'H1' },
  RowDataPacket { title: '안녕하세요', name: 'H1' },
  RowDataPacket { title: '테스트', name: '정준서' },
  RowDataPacket { title: '테스트', name: 'H4' },
  RowDataPacket { title: '테스트', name: 'H3' },
  RowDataPacket { title: '테스트', name: 'H2' },
  RowDataPacket { title: '테스트', name: 'H2' },
  RowDataPacket { title: '테스트', name: 'H1' },
  RowDataPacket { title: '테스트', name: 'H1' },
  RowDataPacket { title: null, name: '정준서' },
  RowDataPacket { title: null, name: 'H4' },
  RowDataPacket { title: null, name: 'H3' },
  RowDataPacket { title: null, name: 'H2' },
  RowDataPacket { title: null, name: 'H2' },
  RowDataPacket { title: null, name: 'H1' },
  RowDataPacket { title: null, name: 'H1' },
  RowDataPacket { title: null, name: '정준서' },
  RowDataPacket { title: null, name: 'H4' },
  RowDataPacket { title: null, name: 'H3' },
  RowDataPacket { title: null, name: 'H2' },
  RowDataPacket { title: null, name: 'H2' },
  RowDataPacket { title: null, name: 'H1' },
  RowDataPacket { title: null, name: 'H1' },
  RowDataPacket { title: '테스트1', name: '정준서' },
  RowDataPacket { title: '테스트1', name: 'H4' },
  RowDataPacket { title: '테스트1', name: 'H3' },
  RowDataPacket { title: '테스트1', name: 'H2' },
  RowDataPacket { title: '테스트1', name: 'H2' },
  RowDataPacket { title: '테스트1', name: 'H1' },
  RowDataPacket { title: '테스트1', name: 'H1' },
  RowDataPacket { title: 'study', name: '정준서' },
  RowDataPacket { title: 'study', name: 'H4' },
  RowDataPacket { title: 'study', name: 'H3' },
  RowDataPacket { title: 'study', name: 'H2' },
  RowDataPacket { title: 'study', name: 'H2' },
  RowDataPacket { title: 'study', name: 'H1' },
  RowDataPacket { title: 'study', name: 'H1' }
]
[
  RowDataPacket { text: '고DB 공부하기', 'count(text)': 5 },
  RowDataPacket { text: '고DB 수업듣기', 'count(text)': 4 },
  RowDataPacket { text: '고DB 과제하기', 'count(text)': 1 },
  RowDataPacket { text: '고DB', 'count(text)': 1 }
]
[
  RowDataPacket { text: '고DB 공부하기', 'count(text)': 5 },
  RowDataPacket { text: '고DB 수업듣기', 'count(text)': 4 },
  RowDataPacket { text: '고DB 과제하기', 'count(text)': 1 },
  RowDataPacket { text: '고DB', 'count(text)': 1 }
]
[]
[]
[]
[]
[]
[]
[]
[]
[]
[]
[]
[]
[]
[]
[]
[]
[]
[]
[]
[]
[]
[]
[]
[]
RowDataPacket {
  email: '222@naver.com',
  password: '222',
  name: '222',
  created_at: 2022-11-04T15:00:00.000Z
}
[]
[]
[]
[]
[]
[]
[]
[]
[]
[
  RowDataPacket { text: '고DB 공부하기', 'count(text)': 5 },
  RowDataPacket { text: '고DB 수업듣기', 'count(text)': 4 },
  RowDataPacket { text: '고DB 과제하기', 'count(text)': 1 },
  RowDataPacket { text: '고DB', 'count(text)': 1 }
]
[]
[]
[]
[]
[]
[]
[]
[]
[]
[]
[]
[]
[]
[]
[]
[]
[]
[]
RowDataPacket {
  email: '222@naver.com',
  password: '222',
  name: '222',
  created_at: 2022-11-04T15:00:00.000Z
}
[]
RowDataPacket {
  email: '222@naver.com',
  password: '222',
  name: '222',
  created_at: 2022-11-04T15:00:00.000Z
}
[]
RowDataPacket {
  email: '222@naver.com',
  password: '222',
  name: '222',
  created_at: 2022-11-04T15:00:00.000Z
}
[]
[]
[]
[]
[]
[]
[]
RowDataPacket {
  email: '222@naver.com',
  password: '222',
  name: '222',
  created_at: 2022-11-04T15:00:00.000Z
}
[]
[]
[]
RowDataPacket {
  email: '222@naver.com',
  password: '222',
  name: '222',
  created_at: 2022-11-04T15:00:00.000Z
}
[]
[]
RowDataPacket {
  email: '222@naver.com',
  password: '222',
  name: '222',
  created_at: 2022-11-04T15:00:00.000Z
}
[]
[]
[]
[]
[]
RowDataPacket {
  email: '222@naver.com',
  password: '222',
  name: '222',
  created_at: 2022-11-04T15:00:00.000Z
}
[]
[]
[]
RowDataPacket {
  email: 'wnstj@naver.com',
  password: '71898212',
  name: '정준서',
  created_at: 2022-11-03T15:00:00.000Z
}
[
  RowDataPacket {
    text: '고DB 공부하기',
    completed: 1,
    date: 2022-11-01T15:00:00.000Z,
    title: '테스트'
  },
  RowDataPacket {
    text: '고DB',
    completed: 0,
    date: 2022-11-01T15:00:00.000Z,
    title: '테스트'
  }
]
RowDataPacket {
  email: '222@naver.com',
  password: '222',
  name: '222',
  created_at: 2022-11-04T15:00:00.000Z
}
[]
[]
[]
[]
RowDataPacket {
  email: '222@naver.com',
  password: '222',
  name: '222',
  created_at: 2022-11-04T15:00:00.000Z
}
[]
RowDataPacket {
  email: '222@naver.com',
  password: '222',
  name: '222',
  created_at: 2022-11-04T15:00:00.000Z
}
[]
[]
RowDataPacket {
  email: '222@naver.com',
  password: '222',
  name: '222',
  created_at: 2022-11-04T15:00:00.000Z
}
[]
[]
RowDataPacket {
  email: '222@naver.com',
  password: '222',
  name: '222',
  created_at: 2022-11-04T15:00:00.000Z
}
[]
RowDataPacket {
  email: '222@naver.com',
  password: '222',
  name: '222',
  created_at: 2022-11-04T15:00:00.000Z
}
[]
RowDataPacket {
  email: '222@naver.com',
  password: '222',
  name: '222',
  created_at: 2022-11-04T15:00:00.000Z
}
[]
RowDataPacket {
  email: '222@naver.com',
  password: '222',
  name: '222',
  created_at: 2022-11-04T15:00:00.000Z
}
[]
OkPacket {
  fieldCount: 0,
  affectedRows: 1,
  insertId: 26,
  serverStatus: 2,
  warningCount: 0,
  message: '',
  protocol41: true,
  changedRows: 0
}
{ email: '222@naver.com', title: 'study', text: 'group study' }
OkPacket {
  fieldCount: 0,
  affectedRows: 1,
  insertId: 23,
  serverStatus: 2,
  warningCount: 0,
  message: '',
  protocol41: true,
  changedRows: 0
}
[
  RowDataPacket {
    text: 'group study',
    completed: 0,
    date: 2022-11-04T15:00:00.000Z,
    title: 'study'
  }
]
[]
[]
RowDataPacket {
  email: '222@naver.com',
  password: '222',
  name: '222',
  created_at: 2022-11-04T15:00:00.000Z
}
[
  RowDataPacket {
    text: 'group study',
    completed: 0,
    date: 2022-11-04T15:00:00.000Z,
    title: 'study'
  }
]
[]
OkPacket {
  fieldCount: 0,
  affectedRows: 1,
  insertId: 28,
  serverStatus: 2,
  warningCount: 0,
  message: '',
  protocol41: true,
  changedRows: 0
}
[]
{ email: '222@naver.com', title: 'aaa', text: 'bbb' }
OkPacket {
  fieldCount: 0,
  affectedRows: 1,
  insertId: 24,
  serverStatus: 2,
  warningCount: 0,
  message: '',
  protocol41: true,
  changedRows: 0
}
[
  RowDataPacket {
    text: 'group study',
    completed: 0,
    date: 2022-11-04T15:00:00.000Z,
    title: 'study'
  },
  RowDataPacket {
    text: 'bbb',
    completed: 0,
    date: 2022-11-04T15:00:00.000Z,
    title: 'aaa'
  }
]
[]
{
  email: '222@naver.com',
  title: 'aaa',
  text: 'bbb',
  date: '2022-11-04T15:00:00.000Z'
}
OkPacket {
  fieldCount: 0,
  affectedRows: 1,
  insertId: 0,
  serverStatus: 2,
  warningCount: 0,
  message: '',
  protocol41: true,
  changedRows: 0
}
[
  RowDataPacket {
    text: 'group study',
    completed: 0,
    date: 2022-11-04T15:00:00.000Z,
    title: 'study'
  }
]
[]
RowDataPacket {
  email: '222@naver.com',
  password: '222',
  name: '222',
  created_at: 2022-11-04T15:00:00.000Z
}
[
  RowDataPacket {
    text: 'group study',
    completed: 0,
    date: 2022-11-04T15:00:00.000Z,
    title: 'study'
  }
]
[]
[]
[]
[]
[]
Express is listening on port 3003
Express is listening on port 3003
{ email: '9999@naver.com', name: 'jun', password: '9999' }
OkPacket {
  fieldCount: 0,
  affectedRows: 1,
  insertId: 0,
  serverStatus: 2,
  warningCount: 0,
  message: '',
  protocol41: true,
  changedRows: 0
}
RowDataPacket {
  email: '9999@naver.com',
  password: '9999',
  name: 'jun',
  created_at: 2022-11-05T15:00:00.000Z
}
{ email: '9999@naver.com', title: '123', text: '321' }
/home/hadoop/Desktop/highDB/todoList/node_modules/mysql/lib/protocol/Parser.js:437
      throw err; // Rethrow non-MySQL errors
      ^

Error: ER_NO_REFERENCED_ROW_2: Cannot add or update a child row: a foreign key constraint fails (`highdb`.`todo_list1`, CONSTRAINT `todo_list1_ibfk_1` FOREIGN KEY (`email`, `title`) REFERENCES `category1` (`email`, `title`))
    at Query.Sequence._packetToError (/home/hadoop/Desktop/highDB/todoList/node_modules/mysql/lib/protocol/sequences/Sequence.js:47:14)
    at Query.ErrorPacket (/home/hadoop/Desktop/highDB/todoList/node_modules/mysql/lib/protocol/sequences/Query.js:79:18)
    at Protocol._parsePacket (/home/hadoop/Desktop/highDB/todoList/node_modules/mysql/lib/protocol/Protocol.js:291:23)
    at Parser._parsePacket (/home/hadoop/Desktop/highDB/todoList/node_modules/mysql/lib/protocol/Parser.js:433:10)
    at Parser.write (/home/hadoop/Desktop/highDB/todoList/node_modules/mysql/lib/protocol/Parser.js:43:10)
    at Protocol.write (/home/hadoop/Desktop/highDB/todoList/node_modules/mysql/lib/protocol/Protocol.js:38:16)
    at Socket.<anonymous> (/home/hadoop/Desktop/highDB/todoList/node_modules/mysql/lib/Connection.js:88:28)
    at Socket.<anonymous> (/home/hadoop/Desktop/highDB/todoList/node_modules/mysql/lib/Connection.js:526:10)
    at Socket.emit (events.js:375:28)
    at addChunk (internal/streams/readable.js:290:12)
    --------------------
    at Protocol._enqueue (/home/hadoop/Desktop/highDB/todoList/node_modules/mysql/lib/protocol/Protocol.js:144:48)
    at Connection.query (/home/hadoop/Desktop/highDB/todoList/node_modules/mysql/lib/Connection.js:198:25)
    at /home/hadoop/Desktop/highDB/todoList/routes/api.js:241:14
    at Layer.handle [as handle_request] (/home/hadoop/Desktop/highDB/todoList/node_modules/express/lib/router/layer.js:95:5)
    at next (/home/hadoop/Desktop/highDB/todoList/node_modules/express/lib/router/route.js:144:13)
    at Route.dispatch (/home/hadoop/Desktop/highDB/todoList/node_modules/express/lib/router/route.js:114:3)
    at Layer.handle [as handle_request] (/home/hadoop/Desktop/highDB/todoList/node_modules/express/lib/router/layer.js:95:5)
    at /home/hadoop/Desktop/highDB/todoList/node_modules/express/lib/router/index.js:284:15
    at Function.process_params (/home/hadoop/Desktop/highDB/todoList/node_modules/express/lib/router/index.js:346:12)
    at next (/home/hadoop/Desktop/highDB/todoList/node_modules/express/lib/router/index.js:280:10) {
  code: 'ER_NO_REFERENCED_ROW_2',
  errno: 1452,
  sqlMessage: 'Cannot add or update a child row: a foreign key constraint fails (`highdb`.`todo_list1`, CONSTRAINT `todo_list1_ibfk_1` FOREIGN KEY (`email`, `title`) REFERENCES `category1` (`email`, `title`))',
  sqlState: '23000',
  index: 0,
  sql: "INSERT INTO todo_list1(text, completed, date, email, title) VALUES ('321', 0, '2022-11-6', '9999@naver.com', '123');"
}
Express is listening on port 3003
{ email: 'kkk@naver.com', name: 'kkk', password: 'kkk' }
OkPacket {
  fieldCount: 0,
  affectedRows: 1,
  insertId: 0,
  serverStatus: 2,
  warningCount: 0,
  message: '',
  protocol41: true,
  changedRows: 0
}
RowDataPacket {
  email: 'kkk@naver.com',
  password: 'kkk',
  name: 'kkk',
  created_at: 2022-11-06T15:00:00.000Z
}
{ email: 'kkk@naver.com', title: '123', text: '1212' }
/home/hadoop/Desktop/highDB/todoList/node_modules/mysql/lib/protocol/Parser.js:437
      throw err; // Rethrow non-MySQL errors
      ^

Error: ER_NO_REFERENCED_ROW_2: Cannot add or update a child row: a foreign key constraint fails (`highdb`.`todo_list1`, CONSTRAINT `todo_list1_ibfk_1` FOREIGN KEY (`email`, `title`) REFERENCES `category1` (`email`, `title`))
    at Query.Sequence._packetToError (/home/hadoop/Desktop/highDB/todoList/node_modules/mysql/lib/protocol/sequences/Sequence.js:47:14)
    at Query.ErrorPacket (/home/hadoop/Desktop/highDB/todoList/node_modules/mysql/lib/protocol/sequences/Query.js:79:18)
    at Protocol._parsePacket (/home/hadoop/Desktop/highDB/todoList/node_modules/mysql/lib/protocol/Protocol.js:291:23)
    at Parser._parsePacket (/home/hadoop/Desktop/highDB/todoList/node_modules/mysql/lib/protocol/Parser.js:433:10)
    at Parser.write (/home/hadoop/Desktop/highDB/todoList/node_modules/mysql/lib/protocol/Parser.js:43:10)
    at Protocol.write (/home/hadoop/Desktop/highDB/todoList/node_modules/mysql/lib/protocol/Protocol.js:38:16)
    at Socket.<anonymous> (/home/hadoop/Desktop/highDB/todoList/node_modules/mysql/lib/Connection.js:88:28)
    at Socket.<anonymous> (/home/hadoop/Desktop/highDB/todoList/node_modules/mysql/lib/Connection.js:526:10)
    at Socket.emit (events.js:375:28)
    at addChunk (internal/streams/readable.js:290:12)
    --------------------
    at Protocol._enqueue (/home/hadoop/Desktop/highDB/todoList/node_modules/mysql/lib/protocol/Protocol.js:144:48)
    at Connection.query (/home/hadoop/Desktop/highDB/todoList/node_modules/mysql/lib/Connection.js:198:25)
    at /home/hadoop/Desktop/highDB/todoList/routes/api.js:241:14
    at Layer.handle [as handle_request] (/home/hadoop/Desktop/highDB/todoList/node_modules/express/lib/router/layer.js:95:5)
    at next (/home/hadoop/Desktop/highDB/todoList/node_modules/express/lib/router/route.js:144:13)
    at Route.dispatch (/home/hadoop/Desktop/highDB/todoList/node_modules/express/lib/router/route.js:114:3)
    at Layer.handle [as handle_request] (/home/hadoop/Desktop/highDB/todoList/node_modules/express/lib/router/layer.js:95:5)
    at /home/hadoop/Desktop/highDB/todoList/node_modules/express/lib/router/index.js:284:15
    at Function.process_params (/home/hadoop/Desktop/highDB/todoList/node_modules/express/lib/router/index.js:346:12)
    at next (/home/hadoop/Desktop/highDB/todoList/node_modules/express/lib/router/index.js:280:10) {
  code: 'ER_NO_REFERENCED_ROW_2',
  errno: 1452,
  sqlMessage: 'Cannot add or update a child row: a foreign key constraint fails (`highdb`.`todo_list1`, CONSTRAINT `todo_list1_ibfk_1` FOREIGN KEY (`email`, `title`) REFERENCES `category1` (`email`, `title`))',
  sqlState: '23000',
  index: 0,
  sql: "INSERT INTO todo_list1(text, completed, date, email, title) VALUES ('1212', 0, '2022-11-7', 'kkk@naver.com', '123');"
}
internal/modules/cjs/loader.js:905
  throw err;
  ^

Error: Cannot find module '/home/hadoop/Desktop/highDB/todoList/main.ks'
    at Function.Module._resolveFilename (internal/modules/cjs/loader.js:902:15)
    at Function.Module._load (internal/modules/cjs/loader.js:746:27)
    at Function.executeUserEntryPoint [as runMain] (internal/modules/run_main.js:76:12)
    at internal/main/run_main_module.js:17:47 {
  code: 'MODULE_NOT_FOUND',
  requireStack: []
}
Express is listening on port 3003
RowDataPacket {
  email: 'kkk@naver.com',
  password: 'kkk',
  name: 'kkk',
  created_at: 2022-11-06T15:00:00.000Z
}
[
  RowDataPacket {
    text: '1231112',
    completed: 1,
    date: 2022-11-06T15:00:00.000Z,
    title: '123'
  }
]
{ email: 'kkk@naver.com', title: '123', text: 'punch' }
OkPacket {
  fieldCount: 0,
  affectedRows: 1,
  insertId: 0,
  serverStatus: 2,
  warningCount: 0,
  message: '',
  protocol41: true,
  changedRows: 0
}
[
  RowDataPacket {
    text: '1231112',
    completed: 1,
    date: 2022-11-06T15:00:00.000Z,
    title: '123'
  },
  RowDataPacket {
    text: 'punch',
    completed: 0,
    date: 2022-11-06T15:00:00.000Z,
    title: '123'
  }
]
Express is listening on port 3003
RowDataPacket {
  email: 'kkk@naver.com',
  password: 'kkk',
  name: 'kkk',
  created_at: 2022-11-06T15:00:00.000Z
}
[
  RowDataPacket {
    text: '1231112',
    completed: 1,
    date: 2022-11-06T15:00:00.000Z,
    title: '123'
  },
  RowDataPacket {
    text: 'punch',
    completed: 0,
    date: 2022-11-06T15:00:00.000Z,
    title: '123'
  }
]
[
  RowDataPacket {
    text: '1231112',
    completed: 1,
    date: 2022-11-06T15:00:00.000Z,
    title: '123'
  },
  RowDataPacket {
    text: 'punch',
    completed: 0,
    date: 2022-11-06T15:00:00.000Z,
    title: '123'
  }
]
[
  RowDataPacket {
    text: '1231112',
    completed: 1,
    date: 2022-11-06T15:00:00.000Z,
    title: '123'
  },
  RowDataPacket {
    text: 'punch',
    completed: 0,
    date: 2022-11-06T15:00:00.000Z,
    title: '123'
  }
]
{ email: 'kkk@naver.com', title: '123', text: 'kkk' }
OkPacket {
  fieldCount: 0,
  affectedRows: 1,
  insertId: 0,
  serverStatus: 2,
  warningCount: 0,
  message: '',
  protocol41: true,
  changedRows: 0
}
[
  RowDataPacket {
    text: '1231112',
    completed: 1,
    date: 2022-11-06T15:00:00.000Z,
    title: '123'
  },
  RowDataPacket {
    text: 'kkk',
    completed: 0,
    date: 2022-11-06T15:00:00.000Z,
    title: '123'
  },
  RowDataPacket {
    text: 'punch',
    completed: 0,
    date: 2022-11-06T15:00:00.000Z,
    title: '123'
  }
]
OkPacket {
  fieldCount: 0,
  affectedRows: 1,
  insertId: 0,
  serverStatus: 2,
  warningCount: 0,
  message: '(Rows matched: 1  Changed: 1  Warnings: 0',
  protocol41: true,
  changedRows: 1
}
[
  RowDataPacket {
    text: '1231112',
    completed: 1,
    date: 2022-11-06T15:00:00.000Z,
    title: '123'
  },
  RowDataPacket {
    text: 'kkk',
    completed: 0,
    date: 2022-11-06T15:00:00.000Z,
    title: '123'
  },
  RowDataPacket {
    text: 'qq',
    completed: 0,
    date: 2022-11-06T15:00:00.000Z,
    title: '123'
  }
]
{
  email: 'kkk@naver.com',
  title: '123',
  text: 'qq',
  date: '2022-11-06T15:00:00.000Z'
}
OkPacket {
  fieldCount: 0,
  affectedRows: 1,
  insertId: 0,
  serverStatus: 2,
  warningCount: 0,
  message: '',
  protocol41: true,
  changedRows: 0
}
[
  RowDataPacket {
    text: '1231112',
    completed: 1,
    date: 2022-11-06T15:00:00.000Z,
    title: '123'
  },
  RowDataPacket {
    text: 'kkk',
    completed: 0,
    date: 2022-11-06T15:00:00.000Z,
    title: '123'
  }
]
{ email: 'bombomthegreat', name: '조성범', password: 'qwe' }
OkPacket {
  fieldCount: 0,
  affectedRows: 1,
  insertId: 0,
  serverStatus: 2,
  warningCount: 0,
  message: '',
  protocol41: true,
  changedRows: 0
}
RowDataPacket {
  email: 'bombomthegreat',
  password: 'qwe',
  name: '조성범',
  created_at: 2022-11-06T15:00:00.000Z
}
[]
[]
[
  RowDataPacket { text: '고DB 수업듣기', 'count(text)': 4 },
  RowDataPacket { text: '고DB 공부하기', 'count(text)': 3 },
  RowDataPacket { text: '1231112', 'count(text)': 1 },
  RowDataPacket { text: 'kkk', 'count(text)': 1 },
  RowDataPacket { text: '고DB 과제하기', 'count(text)': 1 }
]
[
  RowDataPacket {
    created_at: 2022-10-31T15:00:00.000Z,
    name: 'H1',
    title: '과제'
  },
  RowDataPacket {
    created_at: 2022-10-31T15:00:00.000Z,
    name: 'H1',
    title: '학교'
  },
  RowDataPacket {
    created_at: 2022-11-01T15:00:00.000Z,
    name: 'H2',
    title: '학교'
  },
  RowDataPacket {
    created_at: 2022-11-01T15:00:00.000Z,
    name: 'H3',
    title: '학교'
  },
  RowDataPacket {
    created_at: 2022-11-02T15:00:00.000Z,
    name: 'H4',
    title: '과제'
  },
  RowDataPacket {
    created_at: 2022-11-02T15:00:00.000Z,
    name: 'H4',
    title: '학습'
  },
  RowDataPacket {
    created_at: 2022-11-06T15:00:00.000Z,
    name: 'kkk',
    title: '123'
  }
]
[
  RowDataPacket { title: '과제', name: 'H1' },
  RowDataPacket { title: '학교', name: 'H1' },
  RowDataPacket { title: '학교', name: 'H2' },
  RowDataPacket { title: '학교', name: 'H3' },
  RowDataPacket { title: '과제', name: 'H4' }
]
[
  RowDataPacket { text: '고DB 수업듣기', 'count(text)': 4 },
  RowDataPacket { text: '고DB 공부하기', 'count(text)': 3 },
  RowDataPacket { text: '1231112', 'count(text)': 1 },
  RowDataPacket { text: 'kkk', 'count(text)': 1 },
  RowDataPacket { text: '고DB 과제하기', 'count(text)': 1 }
]
[
  RowDataPacket { text: '고DB 수업듣기', 'count(text)': 4 },
  RowDataPacket { text: '고DB 공부하기', 'count(text)': 3 },
  RowDataPacket { text: '1231112', 'count(text)': 1 },
  RowDataPacket { text: 'kkk', 'count(text)': 1 },
  RowDataPacket { text: '고DB 과제하기', 'count(text)': 1 }
]
OkPacket {
  fieldCount: 0,
  affectedRows: 1,
  insertId: 0,
  serverStatus: 2,
  warningCount: 0,
  message: '',
  protocol41: true,
  changedRows: 0
}
{ email: 'bombomthegreat', title: 'study', text: '자구' }
OkPacket {
  fieldCount: 0,
  affectedRows: 1,
  insertId: 0,
  serverStatus: 2,
  warningCount: 0,
  message: '',
  protocol41: true,
  changedRows: 0
}
[
  RowDataPacket {
    text: '자구',
    completed: 0,
    date: 2022-11-06T15:00:00.000Z,
    title: 'study'
  }
]
{
  email: 'bombomthegreat',
  title: 'study',
  text: '자구',
  date: '2022-11-06T15:00:00.000Z',
  complete: '1'
}
OkPacket {
  fieldCount: 0,
  affectedRows: 1,
  insertId: 0,
  serverStatus: 2,
  warningCount: 0,
  message: '(Rows matched: 1  Changed: 1  Warnings: 0',
  protocol41: true,
  changedRows: 1
}
[
  RowDataPacket {
    text: '자구',
    completed: 1,
    date: 2022-11-06T15:00:00.000Z,
    title: 'study'
  }
]
[
  RowDataPacket {
    text: '자구',
    completed: 1,
    date: 2022-11-06T15:00:00.000Z,
    title: 'study'
  }
]
OkPacket {
  fieldCount: 0,
  affectedRows: 1,
  insertId: 0,
  serverStatus: 2,
  warningCount: 0,
  message: '(Rows matched: 1  Changed: 1  Warnings: 0',
  protocol41: true,
  changedRows: 1
}
[
  RowDataPacket {
    text: '컴구',
    completed: 1,
    date: 2022-11-06T15:00:00.000Z,
    title: 'study'
  }
]
{
  email: 'bombomthegreat',
  title: 'study',
  text: '컴구',
  date: '2022-11-06T15:00:00.000Z'
}
OkPacket {
  fieldCount: 0,
  affectedRows: 1,
  insertId: 0,
  serverStatus: 2,
  warningCount: 0,
  message: '',
  protocol41: true,
  changedRows: 0
}
[]
RowDataPacket {
  email: '222@naver.com',
  password: '123',
  name: '222',
  created_at: 2022-11-04T15:00:00.000Z
}
